{"id":"vczrmc4","timestamp":"2025-03-31T11:15:51.673Z","type":"success","botId":null,"message":"Server started on port 8000"}
{"id":"73224n4","timestamp":"2025-03-31T11:18:26.050Z","type":"info","botId":null,"message":"GET /api/stats"}
{"id":"2pn44ho","timestamp":"2025-03-31T11:18:28.293Z","type":"info","botId":null,"message":"GET /api/stats"}
{"id":"o0ife2k","timestamp":"2025-03-31T11:18:29.642Z","type":"info","botId":null,"message":"GET /api/stats"}
{"id":"pgktljk","timestamp":"2025-03-31T11:18:30.815Z","type":"info","botId":null,"message":"GET /api/stats"}
{"id":"0xmj66n","timestamp":"2025-03-31T11:18:31.884Z","type":"info","botId":null,"message":"GET /api/stats"}
{"id":"mlzaflg","timestamp":"2025-03-31T11:18:32.963Z","type":"info","botId":null,"message":"GET /api/stats"}
{"id":"isiliew","timestamp":"2025-03-31T11:18:34.052Z","type":"info","botId":null,"message":"GET /api/stats"}
{"id":"rdm7a9h","timestamp":"2025-03-31T11:18:35.076Z","type":"info","botId":null,"message":"GET /api/stats"}
{"id":"9hp8vlt","timestamp":"2025-03-31T11:18:44.384Z","type":"info","botId":null,"message":"GET /api/stats"}
{"id":"g3c30s5","timestamp":"2025-03-31T11:18:45.465Z","type":"info","botId":null,"message":"GET /api/stats"}
{"id":"1as8121","timestamp":"2025-03-31T11:18:46.520Z","type":"info","botId":null,"message":"GET /api/stats"}
{"id":"9tbz4id","timestamp":"2025-03-31T11:18:47.577Z","type":"info","botId":null,"message":"GET /api/stats"}
{"id":"kv7y903","timestamp":"2025-03-31T11:18:49.145Z","type":"info","botId":null,"message":"GET /api/stats"}
{"id":"pr6arah","timestamp":"2025-03-31T11:18:50.262Z","type":"info","botId":null,"message":"GET /api/stats"}
{"id":"pldfijd","timestamp":"2025-03-31T11:18:51.695Z","type":"info","botId":null,"message":"GET /api/stats"}
{"id":"8zwqpr9","timestamp":"2025-03-31T11:18:52.757Z","type":"info","botId":null,"message":"GET /api/stats"}
{"id":"uou1sc3","timestamp":"2025-03-31T11:35:32.022Z","type":"info","botId":null,"message":"Created new patterns file"}
{"id":"c5zgpp5","timestamp":"2025-03-31T11:36:41.271Z","type":"info","botId":null,"message":"Loaded 0 behavior patterns"}
{"id":"askaufv","timestamp":"2025-03-31T11:38:13.588Z","type":"info","botId":null,"message":"Loaded 0 behavior patterns"}
{"id":"y6hbogl","timestamp":"2025-03-31T11:38:13.604Z","type":"success","botId":null,"message":"Server started on port 8000"}
{"id":"1aoahx6","timestamp":"2025-03-31T11:38:24.452Z","type":"info","botId":null,"message":"Loaded 0 behavior patterns"}
{"id":"yky6mwb","timestamp":"2025-03-31T11:38:58.632Z","type":"info","botId":null,"message":"GET /bots"}
{"id":"2aeg2di","timestamp":"2025-03-31T11:52:22.058Z","type":"info","botId":null,"message":"GET /api/stats"}
{"id":"hai7gin","timestamp":"2025-03-31T11:52:23.078Z","type":"info","botId":null,"message":"GET /api/stats"}
{"id":"1e5msje","timestamp":"2025-03-31T11:52:24.088Z","type":"info","botId":null,"message":"GET /api/stats"}
{"id":"vviua4l","timestamp":"2025-03-31T11:52:25.079Z","type":"info","botId":null,"message":"GET /api/stats"}
{"id":"7kozdmg","timestamp":"2025-03-31T11:52:26.129Z","type":"info","botId":null,"message":"GET /api/stats"}
{"id":"yezrasb","timestamp":"2025-03-31T11:52:27.146Z","type":"info","botId":null,"message":"GET /api/stats"}
{"id":"g699ub0","timestamp":"2025-03-31T11:52:28.153Z","type":"info","botId":null,"message":"GET /api/stats"}
{"id":"wbs70f9","timestamp":"2025-03-31T11:52:29.183Z","type":"info","botId":null,"message":"GET /api/stats"}
{"id":"wngep28","timestamp":"2025-03-31T11:52:29.263Z","type":"info","botId":null,"message":"POST /api/start-bots"}
{"id":"eviqnwb","timestamp":"2025-03-31T11:52:29.857Z","type":"info","botId":null,"message":"POST /api/start-bots"}
{"id":"vj2w97f","timestamp":"2025-03-31T11:52:30.242Z","type":"info","botId":null,"message":"GET /api/stats"}
{"id":"9agh1my","timestamp":"2025-03-31T11:52:30.904Z","type":"info","botId":null,"message":"GET /api/stats"}
{"id":"t6rblye","timestamp":"2025-03-31T11:52:31.258Z","type":"info","botId":null,"message":"GET /api/stats"}
{"id":"hoejmy6","timestamp":"2025-03-31T11:52:31.943Z","type":"info","botId":null,"message":"GET /api/stats"}
{"id":"59asf88","timestamp":"2025-03-31T11:52:32.249Z","type":"info","botId":null,"message":"GET /api/stats"}
{"id":"ky4dvph","timestamp":"2025-03-31T11:52:33.260Z","type":"info","botId":null,"message":"GET /api/stats"}
{"id":"f2ettvd","timestamp":"2025-03-31T11:52:34.336Z","type":"info","botId":null,"message":"GET /api/stats"}
{"id":"p4sotsw","timestamp":"2025-03-31T11:52:35.302Z","type":"info","botId":null,"message":"GET /api/stats"}
{"id":"7tka5l2","timestamp":"2025-03-31T11:52:36.301Z","type":"info","botId":null,"message":"GET /api/stats"}
{"id":"s15jyly","timestamp":"2025-03-31T11:52:36.479Z","type":"info","botId":null,"message":"POST /api/start-bots"}
{"id":"ghoq42q","timestamp":"2025-03-31T11:52:37.525Z","type":"info","botId":null,"message":"GET /api/stats"}
{"id":"s6cst30","timestamp":"2025-03-31T11:52:38.185Z","type":"info","botId":null,"message":"POST /api/start-bots"}
{"id":"ctv3hz0","timestamp":"2025-03-31T11:52:38.533Z","type":"info","botId":null,"message":"GET /api/stats"}
{"id":"qkomndu","timestamp":"2025-03-31T11:52:39.551Z","type":"info","botId":null,"message":"GET /api/stats"}
{"id":"f273nl4","timestamp":"2025-03-31T11:52:40.527Z","type":"info","botId":null,"message":"GET /api/stats"}
{"id":"pvswxi3","timestamp":"2025-03-31T11:52:41.623Z","type":"info","botId":null,"message":"GET /api/stats"}
{"id":"c46oot4","timestamp":"2025-03-31T11:52:42.711Z","type":"info","botId":null,"message":"GET /api/stats"}
{"id":"idxquvn","timestamp":"2025-03-31T11:52:43.255Z","type":"info","botId":null,"message":"GET /api/logs"}
{"id":"t2v3g8e","timestamp":"2025-03-31T11:52:43.719Z","type":"info","botId":null,"message":"GET /api/stats"}
{"id":"xbcmnfg","timestamp":"2025-03-31T11:52:44.442Z","type":"info","botId":null,"message":"GET /api/stats"}
{"id":"nyet48n","timestamp":"2025-03-31T11:52:44.965Z","type":"info","botId":null,"message":"GET /api/stats"}
{"id":"pirv6sf","timestamp":"2025-03-31T11:52:46.554Z","type":"info","botId":null,"message":"GET /api/stats"}
{"id":"rnkltt1","timestamp":"2025-03-31T11:52:47.663Z","type":"info","botId":null,"message":"GET /api/stats"}
{"id":"9ixrpza","timestamp":"2025-03-31T11:52:48.663Z","type":"info","botId":null,"message":"GET /api/stats"}
{"id":"3c3tvj7","timestamp":"2025-03-31T11:52:49.658Z","type":"info","botId":null,"message":"GET /api/stats"}
{"id":"15hibap","timestamp":"2025-03-31T11:52:50.633Z","type":"info","botId":null,"message":"GET /api/stats"}
{"id":"kretmeq","timestamp":"2025-03-31T11:52:51.593Z","type":"info","botId":null,"message":"GET /api/stats"}
{"id":"vvbck34","timestamp":"2025-03-31T11:52:52.825Z","type":"info","botId":null,"message":"GET /api/stats"}
{"id":"hstf42b","timestamp":"2025-03-31T11:52:53.891Z","type":"info","botId":null,"message":"GET /api/stats"}
{"id":"kcyut6j","timestamp":"2025-03-31T11:52:54.896Z","type":"info","botId":null,"message":"GET /api/stats"}
{"id":"jj8sfi3","timestamp":"2025-03-31T11:52:55.917Z","type":"info","botId":null,"message":"GET /api/stats"}
{"id":"f4tfgpf","timestamp":"2025-03-31T11:52:56.904Z","type":"info","botId":null,"message":"GET /api/stats"}
{"id":"srn3v2f","timestamp":"2025-03-31T11:52:58.038Z","type":"info","botId":null,"message":"GET /api/stats"}
{"id":"qhkc2o6","timestamp":"2025-03-31T11:52:58.554Z","type":"info","botId":null,"message":"POST /api/start-bots"}
{"id":"5jkadjj","timestamp":"2025-03-31T11:52:59.051Z","type":"info","botId":null,"message":"GET /api/stats"}
{"id":"wwrpwew","timestamp":"2025-03-31T11:52:59.560Z","type":"info","botId":null,"message":"POST /api/start-bots"}
{"id":"f6u6gdx","timestamp":"2025-03-31T11:52:59.561Z","type":"info","botId":null,"message":"GET /api/stats"}
{"id":"upfcwlp","timestamp":"2025-03-31T11:52:59.708Z","type":"info","botId":null,"message":"POST /api/start-bots"}
{"id":"r64duat","timestamp":"2025-03-31T11:53:00.034Z","type":"info","botId":null,"message":"GET /api/stats"}
{"id":"ucm82id","timestamp":"2025-03-31T11:53:00.200Z","type":"info","botId":null,"message":"POST /api/start-bots"}
{"id":"tjr09n0","timestamp":"2025-03-31T11:53:00.374Z","type":"info","botId":null,"message":"POST /api/start-bots"}
{"id":"1ehilux","timestamp":"2025-03-31T11:53:00.701Z","type":"info","botId":null,"message":"GET /api/stats"}
{"id":"a7o4qyz","timestamp":"2025-03-31T11:53:01.371Z","type":"info","botId":null,"message":"GET /api/stats"}
{"id":"bs29h94","timestamp":"2025-03-31T11:53:01.771Z","type":"info","botId":null,"message":"GET /api/stats"}
{"id":"ep8oap1","timestamp":"2025-03-31T11:53:02.467Z","type":"info","botId":null,"message":"GET /api/stats"}
{"id":"c4ooefe","timestamp":"2025-03-31T11:53:02.780Z","type":"info","botId":null,"message":"GET /api/stats"}
{"id":"mk0vold","timestamp":"2025-03-31T11:53:03.779Z","type":"info","botId":null,"message":"GET /api/stats"}
{"id":"69oiusp","timestamp":"2025-03-31T11:53:04.870Z","type":"info","botId":null,"message":"GET /api/stats"}
{"id":"nhn4qfc","timestamp":"2025-03-31T11:53:05.928Z","type":"info","botId":null,"message":"GET /api/stats"}
{"id":"0vrqcm4","timestamp":"2025-03-31T11:53:07.280Z","type":"info","botId":null,"message":"GET /api/stats"}
{"id":"1zln75d","timestamp":"2025-03-31T11:53:08.324Z","type":"info","botId":null,"message":"GET /api/stats"}
{"id":"5u1o792","timestamp":"2025-03-31T11:53:09.314Z","type":"info","botId":null,"message":"GET /api/stats"}
{"id":"cp2cjrd","timestamp":"2025-03-31T11:53:10.370Z","type":"info","botId":null,"message":"GET /api/stats"}
{"id":"fv4tugg","timestamp":"2025-03-31T11:53:11.380Z","type":"info","botId":null,"message":"GET /api/stats"}
{"id":"ajrbzbj","timestamp":"2025-03-31T11:53:12.662Z","type":"info","botId":null,"message":"GET /api/stats"}
{"id":"kfhrtpl","timestamp":"2025-03-31T11:53:13.653Z","type":"info","botId":null,"message":"GET /api/stats"}
{"id":"de93850","timestamp":"2025-03-31T11:53:14.733Z","type":"info","botId":null,"message":"GET /api/stats"}
{"id":"uirfwrc","timestamp":"2025-03-31T11:53:14.889Z","type":"info","botId":null,"message":"POST /api/start-bots"}
{"id":"j9f5lrl","timestamp":"2025-03-31T11:53:15.903Z","type":"info","botId":null,"message":"GET /api/stats"}
{"id":"0pihcyl","timestamp":"2025-03-31T11:53:17.035Z","type":"info","botId":null,"message":"GET /api/stats"}
{"id":"iripfl3","timestamp":"2025-03-31T11:53:18.105Z","type":"info","botId":null,"message":"GET /api/stats"}
{"id":"gu4w76x","timestamp":"2025-03-31T11:53:19.143Z","type":"info","botId":null,"message":"GET /api/stats"}
{"id":"a0jlk5w","timestamp":"2025-03-31T11:53:20.415Z","type":"info","botId":null,"message":"GET /api/stats"}
{"id":"w43xvu2","timestamp":"2025-03-31T11:53:21.400Z","type":"info","botId":null,"message":"GET /api/stats"}
{"id":"ruii2yq","timestamp":"2025-03-31T11:53:22.830Z","type":"info","botId":null,"message":"GET /api/stats"}
{"id":"r26rrwk","timestamp":"2025-03-31T11:53:24.462Z","type":"info","botId":null,"message":"GET /api/stats"}
{"id":"26t9t7a","timestamp":"2025-03-31T11:53:26.165Z","type":"info","botId":null,"message":"GET /api/stats"}
{"id":"vd5jbux","timestamp":"2025-03-31T11:53:29.559Z","type":"info","botId":null,"message":"POST /api/start-bots"}
{"id":"zcof577","timestamp":"2025-03-31T11:53:45.321Z","type":"info","botId":null,"message":"GET /api/stats"}
{"id":"5to2osu","timestamp":"2025-03-31T11:53:48.677Z","type":"info","botId":null,"message":"GET /api/logs"}
{"id":"hvyh0y9","timestamp":"2025-03-31T11:53:55.246Z","type":"info","botId":null,"message":"GET /api/stats"}
{"id":"ds032b7","timestamp":"2025-03-31T11:53:57.304Z","type":"info","botId":null,"message":"POST /api/start-bots"}
{"id":"y4bqnwe","timestamp":"2025-03-31T11:53:59.182Z","type":"info","botId":null,"message":"POST /api/start-bots"}
{"id":"cjvn2yg","timestamp":"2025-03-31T11:54:00.244Z","type":"info","botId":null,"message":"GET /api/stats"}
{"id":"2ecb5k8","timestamp":"2025-03-31T11:54:06.238Z","type":"info","botId":null,"message":"GET /api/stats"}
{"id":"yf3ikkq","timestamp":"2025-03-31T11:54:12.539Z","type":"info","botId":null,"message":"GET /api/stats"}
{"id":"ukrcgit","timestamp":"2025-03-31T11:54:13.743Z","type":"info","botId":null,"message":"GET /api/stats"}
{"id":"wulylvx","timestamp":"2025-03-31T11:58:26.314Z","type":"info","botId":null,"message":"SIGTERM received. Shutting down gracefully..."}
{"id":"1ojzrf1","timestamp":"2025-03-31T11:58:26.314Z","type":"info","botId":null,"message":"Server closed"}
{"id":"eu0cq30","timestamp":"2025-03-31T11:58:26.934Z","type":"info","botId":null,"message":"Loaded 0 behavior patterns"}
{"id":"t3yaaqi","timestamp":"2025-03-31T11:58:26.968Z","type":"success","botId":null,"message":"Server started on port 8000"}
{"id":"8qvx74e","timestamp":"2025-03-31T12:01:49.931Z","type":"info","botId":null,"message":"GET /bots"}
{"id":"hhdzazn","timestamp":"2025-03-31T12:02:45.740Z","type":"info","botId":null,"message":"GET /api/stats"}
{"id":"3mskuuc","timestamp":"2025-03-31T12:02:47.037Z","type":"info","botId":null,"message":"GET /api/stats"}
{"id":"poar1dv","timestamp":"2025-03-31T12:02:48.095Z","type":"info","botId":null,"message":"GET /api/stats"}
{"id":"vgl4f7j","timestamp":"2025-03-31T12:02:49.152Z","type":"info","botId":null,"message":"GET /api/stats"}
{"id":"zgkvj27","timestamp":"2025-03-31T12:02:50.555Z","type":"info","botId":null,"message":"GET /api/stats"}
{"id":"mf84aih","timestamp":"2025-03-31T12:02:51.589Z","type":"info","botId":null,"message":"GET /api/stats"}
{"id":"cl3p5q8","timestamp":"2025-03-31T12:02:52.654Z","type":"info","botId":null,"message":"GET /api/stats"}
{"id":"qjadv8o","timestamp":"2025-03-31T12:02:54.167Z","type":"info","botId":null,"message":"GET /api/stats"}
{"id":"drjtgpd","timestamp":"2025-03-31T12:02:55.801Z","type":"info","botId":null,"message":"GET /api/stats"}
{"id":"7a7egjv","timestamp":"2025-03-31T12:02:57.784Z","type":"info","botId":null,"message":"GET /api/stats"}
{"id":"1uooclx","timestamp":"2025-03-31T12:02:59.110Z","type":"info","botId":null,"message":"GET /api/stats"}
{"id":"y1nm4wm","timestamp":"2025-03-31T12:03:00.312Z","type":"info","botId":null,"message":"GET /api/stats"}
{"id":"cxspea6","timestamp":"2025-03-31T12:03:01.383Z","type":"info","botId":null,"message":"GET /api/stats"}
{"id":"mw0qi5d","timestamp":"2025-03-31T12:03:02.410Z","type":"info","botId":null,"message":"GET /api/stats"}
{"id":"q92rhyp","timestamp":"2025-03-31T12:03:03.477Z","type":"info","botId":null,"message":"GET /api/stats"}
{"id":"f1giyei","timestamp":"2025-03-31T12:03:10.695Z","type":"info","botId":null,"message":"GET /api/stats"}
{"id":"wvvkcn9","timestamp":"2025-03-31T12:03:17.055Z","type":"info","botId":null,"message":"GET /api/stats"}
{"id":"y2d33jw","timestamp":"2025-03-31T12:03:36.720Z","type":"info","botId":null,"message":"GET /api/stats"}
{"id":"qxs3a7w","timestamp":"2025-03-31T12:03:48.573Z","type":"info","botId":null,"message":"GET /api/stats"}
{"id":"ndlckbi","timestamp":"2025-03-31T12:03:58.259Z","type":"info","botId":null,"message":"GET /api/stats"}
{"id":"xrc12jz","timestamp":"2025-03-31T12:04:07.296Z","type":"info","botId":null,"message":"GET /api/stats"}
{"id":"um07qu8","timestamp":"2025-03-31T12:04:15.900Z","type":"info","botId":null,"message":"GET /api/stats"}
{"id":"9k9yq3h","timestamp":"2025-03-31T12:04:16.927Z","type":"info","botId":null,"message":"GET /api/stats"}
{"id":"jj916ha","timestamp":"2025-03-31T12:04:17.998Z","type":"info","botId":null,"message":"GET /api/stats"}
{"id":"bcny2x8","timestamp":"2025-03-31T12:04:19.059Z","type":"info","botId":null,"message":"GET /api/stats"}
{"id":"nxduebz","timestamp":"2025-03-31T12:04:28.372Z","type":"info","botId":null,"message":"GET /api/stats"}
{"id":"693m04f","timestamp":"2025-03-31T12:04:44.254Z","type":"info","botId":null,"message":"GET /api/stats"}
{"id":"1y8ylds","timestamp":"2025-03-31T12:04:53.600Z","type":"info","botId":null,"message":"GET /api/stats"}
{"id":"2819mj8","timestamp":"2025-03-31T12:05:07.810Z","type":"info","botId":null,"message":"GET /api/stats"}
{"id":"2h0kxky","timestamp":"2025-03-31T12:05:08.824Z","type":"info","botId":null,"message":"GET /api/stats"}
{"id":"1p6vnq4","timestamp":"2025-03-31T12:05:10.485Z","type":"info","botId":null,"message":"GET /api/stats"}
{"id":"7g30wcd","timestamp":"2025-03-31T12:05:11.521Z","type":"info","botId":null,"message":"GET /api/stats"}
{"id":"mopt4zd","timestamp":"2025-03-31T12:05:13.095Z","type":"info","botId":null,"message":"GET /api/stats"}
{"id":"d2qv269","timestamp":"2025-03-31T12:05:14.838Z","type":"info","botId":null,"message":"GET /api/stats"}
{"id":"5f6s309","timestamp":"2025-03-31T12:05:15.854Z","type":"info","botId":null,"message":"GET /api/stats"}
{"id":"n033lux","timestamp":"2025-03-31T12:05:16.882Z","type":"info","botId":null,"message":"GET /api/stats"}
{"id":"71sr4lt","timestamp":"2025-03-31T12:05:17.938Z","type":"info","botId":null,"message":"GET /api/stats"}
{"id":"413o7k4","timestamp":"2025-03-31T12:05:18.956Z","type":"info","botId":null,"message":"GET /api/stats"}
{"id":"4ge4adj","timestamp":"2025-03-31T12:05:19.995Z","type":"info","botId":null,"message":"GET /api/stats"}
{"id":"z3t3xv6","timestamp":"2025-03-31T12:05:21.064Z","type":"info","botId":null,"message":"GET /api/stats"}
{"id":"9h7noto","timestamp":"2025-03-31T12:05:22.283Z","type":"info","botId":null,"message":"GET /api/stats"}
{"id":"grptfin","timestamp":"2025-03-31T12:05:23.541Z","type":"info","botId":null,"message":"GET /api/stats"}
{"id":"7leluh8","timestamp":"2025-03-31T12:05:24.081Z","type":"info","botId":null,"message":"GET /api/stats"}
{"id":"7updj3e","timestamp":"2025-03-31T12:05:24.674Z","type":"info","botId":null,"message":"GET /api/stats"}
{"id":"uzpl8ma","timestamp":"2025-03-31T12:05:25.291Z","type":"info","botId":null,"message":"GET /api/stats"}
{"id":"lok1umz","timestamp":"2025-03-31T12:05:25.751Z","type":"info","botId":null,"message":"GET /api/stats"}
{"id":"jj9axks","timestamp":"2025-03-31T12:05:26.854Z","type":"info","botId":null,"message":"GET /api/stats"}
{"id":"u7ep1t2","timestamp":"2025-03-31T12:05:27.390Z","type":"info","botId":null,"message":"GET /api/stats"}
{"id":"rc4u9e5","timestamp":"2025-03-31T12:05:28.345Z","type":"info","botId":null,"message":"GET /api/stats"}
{"id":"l54hgjt","timestamp":"2025-03-31T12:05:28.777Z","type":"info","botId":null,"message":"GET /api/stats"}
{"id":"wrdpojz","timestamp":"2025-03-31T12:05:30.367Z","type":"info","botId":null,"message":"GET /api/stats"}
{"id":"kwdoyih","timestamp":"2025-03-31T12:05:32.253Z","type":"info","botId":null,"message":"GET /api/stats"}
{"id":"tam0w26","timestamp":"2025-03-31T12:05:34.111Z","type":"info","botId":null,"message":"GET /api/stats"}
{"id":"b908mja","timestamp":"2025-03-31T12:05:35.461Z","type":"info","botId":null,"message":"GET /api/stats"}
{"id":"evh3aua","timestamp":"2025-03-31T12:05:37.582Z","type":"info","botId":null,"message":"GET /api/stats"}
{"id":"kdhupcb","timestamp":"2025-03-31T12:05:38.794Z","type":"info","botId":null,"message":"GET /api/stats"}
{"id":"tw1fihj","timestamp":"2025-03-31T12:05:39.217Z","type":"info","botId":null,"message":"GET /api/stats"}
{"id":"lv1y8ey","timestamp":"2025-03-31T12:05:40.348Z","type":"info","botId":null,"message":"GET /api/stats"}
{"id":"85cq3fi","timestamp":"2025-03-31T12:05:41.035Z","type":"info","botId":null,"message":"GET /api/stats"}
{"id":"03qolfk","timestamp":"2025-03-31T12:05:42.510Z","type":"info","botId":null,"message":"GET /api/stats"}
{"id":"ft9rks2","timestamp":"2025-03-31T12:05:44.345Z","type":"info","botId":null,"message":"GET /api/stats"}
{"id":"y07fwqw","timestamp":"2025-03-31T12:05:46.531Z","type":"info","botId":null,"message":"GET /api/stats"}
{"id":"ays92qh","timestamp":"2025-03-31T12:05:48.426Z","type":"info","botId":null,"message":"GET /api/stats"}
{"id":"at3ly3i","timestamp":"2025-03-31T12:05:49.705Z","type":"info","botId":null,"message":"GET /api/stats"}
{"id":"zb05npl","timestamp":"2025-03-31T12:05:51.120Z","type":"info","botId":null,"message":"GET /api/stats"}
{"id":"5k2vdi0","timestamp":"2025-03-31T12:05:52.210Z","type":"info","botId":null,"message":"GET /api/stats"}
{"id":"k8lna61","timestamp":"2025-03-31T12:05:53.292Z","type":"info","botId":null,"message":"GET /api/stats"}
{"id":"7ncl0cl","timestamp":"2025-03-31T12:05:54.488Z","type":"info","botId":null,"message":"GET /api/stats"}
{"id":"nhbjuqw","timestamp":"2025-03-31T12:05:55.828Z","type":"info","botId":null,"message":"GET /api/stats"}
{"id":"khiqnls","timestamp":"2025-03-31T12:05:56.926Z","type":"info","botId":null,"message":"GET /api/stats"}
{"id":"cwvgsyj","timestamp":"2025-03-31T12:05:57.968Z","type":"info","botId":null,"message":"GET /api/stats"}
{"id":"3tvt40w","timestamp":"2025-03-31T12:05:59.042Z","type":"info","botId":null,"message":"GET /api/stats"}
{"id":"pba8n3n","timestamp":"2025-03-31T12:06:00.142Z","type":"info","botId":null,"message":"GET /api/stats"}
{"id":"rvvs33w","timestamp":"2025-03-31T12:06:01.351Z","type":"info","botId":null,"message":"GET /api/stats"}
{"id":"w1t6vdy","timestamp":"2025-03-31T12:06:02.437Z","type":"info","botId":null,"message":"GET /api/stats"}
{"id":"hj72i9d","timestamp":"2025-03-31T12:06:03.518Z","type":"info","botId":null,"message":"GET /api/stats"}
{"id":"0gqv009","timestamp":"2025-03-31T12:06:04.638Z","type":"info","botId":null,"message":"GET /api/stats"}
{"id":"dex7brd","timestamp":"2025-03-31T12:06:05.748Z","type":"info","botId":null,"message":"GET /api/stats"}
{"id":"vlnr3hn","timestamp":"2025-03-31T12:06:07.249Z","type":"info","botId":null,"message":"GET /api/stats"}
{"id":"2lqc58o","timestamp":"2025-03-31T12:06:08.890Z","type":"info","botId":null,"message":"GET /api/stats"}
{"id":"ytatgoc","timestamp":"2025-03-31T12:57:57.503Z","type":"info","botId":null,"message":"Loaded 0 behavior patterns"}
{"id":"fa3c03b","timestamp":"2025-03-31T12:57:57.520Z","type":"success","botId":null,"message":"Server started on port 8000"}
{"id":"fs6jwt6","timestamp":"2025-03-31T13:04:27.087Z","type":"info","botId":null,"message":"GET /api/stats"}
{"id":"zjvj07q","timestamp":"2025-03-31T13:06:19.093Z","type":"info","botId":null,"message":"GET /favicon.ico"}
{"id":"cajl1tn","timestamp":"2025-03-31T13:07:49.016Z","type":"info","botId":null,"message":"POST /api/create-task"}
{"id":"id4q0y6","timestamp":"2025-03-31T13:07:49.024Z","type":"error","botId":null,"message":"Unhandled Rejection: Текст задачи обязателен"}
{"id":"35plr83","timestamp":"2025-03-31T13:21:14.286Z","type":"info","botId":null,"message":"Loaded 0 behavior patterns"}
{"id":"kuvbo6l","timestamp":"2025-03-31T13:21:14.496Z","type":"success","botId":null,"message":"Server started on port 8000"}
{"id":"nan0wyh","timestamp":"2025-03-31T14:14:52.963Z","type":"info","botId":null,"message":"Loaded 0 behavior patterns"}
